2022-10-21 18:27:04 [sorter.BubbleSorter.<init>] INFO: --------------------Run Bubble Sort--------------------
2022-10-21 18:27:06 [start.SortLoader.generateArray] INFO: Random array to be sorted: [246, 638, 179, 345, 794, 463, 559, 16, 578, 876, 788, 303, 475, 60, 148]
2022-10-21 18:27:06 [sorter.BubbleSorter.swap] FINE: 246 <= 638 ,so their positions are unchanged.
2022-10-21 18:27:06 [sorter.BubbleSorter.swap] FINE: 638 > 179 ,so their positions are swapped.
2022-10-21 18:27:06 [sorter.BubbleSorter.swap] FINE: Current array: [246, 179, 638, 345, 794, 463, 559, 16, 578, 876, 788, 303, 475, 60, 148]
2022-10-21 18:27:06 [sorter.BubbleSorter.swap] FINE: 179 <= 638 ,so their positions are unchanged.
2022-10-21 18:27:06 [sorter.BubbleSorter.swap] FINE: 638 > 345 ,so their positions are swapped.
2022-10-21 18:27:06 [sorter.BubbleSorter.swap] FINE: Current array: [246, 179, 345, 638, 794, 463, 559, 16, 578, 876, 788, 303, 475, 60, 148]
2022-10-21 18:27:06 [sorter.BubbleSorter.swap] FINE: 345 <= 638 ,so their positions are unchanged.
2022-10-21 18:27:06 [sorter.BubbleSorter.swap] FINE: 638 <= 794 ,so their positions are unchanged.
2022-10-21 18:27:06 [sorter.BubbleSorter.swap] FINE: 794 > 463 ,so their positions are swapped.
2022-10-21 18:27:06 [sorter.BubbleSorter.swap] FINE: Current array: [246, 179, 345, 638, 463, 794, 559, 16, 578, 876, 788, 303, 475, 60, 148]
2022-10-21 18:27:06 [sorter.BubbleSorter.swap] FINE: 463 <= 794 ,so their positions are unchanged.
2022-10-21 18:27:06 [sorter.BubbleSorter.swap] FINE: 794 > 559 ,so their positions are swapped.
2022-10-21 18:27:06 [sorter.BubbleSorter.swap] FINE: Current array: [246, 179, 345, 638, 463, 559, 794, 16, 578, 876, 788, 303, 475, 60, 148]
2022-10-21 18:27:06 [sorter.BubbleSorter.swap] FINE: 559 <= 794 ,so their positions are unchanged.
2022-10-21 18:27:06 [sorter.BubbleSorter.swap] FINE: 794 > 16 ,so their positions are swapped.
2022-10-21 18:27:06 [sorter.BubbleSorter.swap] FINE: Current array: [246, 179, 345, 638, 463, 559, 16, 794, 578, 876, 788, 303, 475, 60, 148]
2022-10-21 18:27:06 [sorter.BubbleSorter.swap] FINE: 16 <= 794 ,so their positions are unchanged.
2022-10-21 18:27:06 [sorter.BubbleSorter.swap] FINE: 794 > 578 ,so their positions are swapped.
2022-10-21 18:27:06 [sorter.BubbleSorter.swap] FINE: Current array: [246, 179, 345, 638, 463, 559, 16, 578, 794, 876, 788, 303, 475, 60, 148]
2022-10-21 18:27:06 [sorter.BubbleSorter.swap] FINE: 578 <= 794 ,so their positions are unchanged.
2022-10-21 18:27:06 [sorter.BubbleSorter.swap] FINE: 794 <= 876 ,so their positions are unchanged.
2022-10-21 18:27:06 [sorter.BubbleSorter.swap] FINE: 876 > 788 ,so their positions are swapped.
2022-10-21 18:27:06 [sorter.BubbleSorter.swap] FINE: Current array: [246, 179, 345, 638, 463, 559, 16, 578, 794, 788, 876, 303, 475, 60, 148]
2022-10-21 18:27:06 [sorter.BubbleSorter.swap] FINE: 788 <= 876 ,so their positions are unchanged.
2022-10-21 18:27:06 [sorter.BubbleSorter.swap] FINE: 876 > 303 ,so their positions are swapped.
2022-10-21 18:27:06 [sorter.BubbleSorter.swap] FINE: Current array: [246, 179, 345, 638, 463, 559, 16, 578, 794, 788, 303, 876, 475, 60, 148]
2022-10-21 18:27:06 [sorter.BubbleSorter.swap] FINE: 303 <= 876 ,so their positions are unchanged.
2022-10-21 18:27:06 [sorter.BubbleSorter.swap] FINE: 876 > 475 ,so their positions are swapped.
2022-10-21 18:27:06 [sorter.BubbleSorter.swap] FINE: Current array: [246, 179, 345, 638, 463, 559, 16, 578, 794, 788, 303, 475, 876, 60, 148]
2022-10-21 18:27:06 [sorter.BubbleSorter.swap] FINE: 475 <= 876 ,so their positions are unchanged.
2022-10-21 18:27:06 [sorter.BubbleSorter.swap] FINE: 876 > 60 ,so their positions are swapped.
2022-10-21 18:27:06 [sorter.BubbleSorter.swap] FINE: Current array: [246, 179, 345, 638, 463, 559, 16, 578, 794, 788, 303, 475, 60, 876, 148]
2022-10-21 18:27:06 [sorter.BubbleSorter.swap] FINE: 60 <= 876 ,so their positions are unchanged.
2022-10-21 18:27:06 [sorter.BubbleSorter.swap] FINE: 876 > 148 ,so their positions are swapped.
2022-10-21 18:27:06 [sorter.BubbleSorter.swap] FINE: Current array: [246, 179, 345, 638, 463, 559, 16, 578, 794, 788, 303, 475, 60, 148, 876]
2022-10-21 18:27:06 [sorter.BubbleSorter.swap] FINE: 148 <= 876 ,so their positions are unchanged.
2022-10-21 18:27:06 [sorter.BubbleSorter.sort] FINE: Is array sorted? false
2022-10-21 18:27:06 [sorter.BubbleSorter.swap] FINE: 246 > 179 ,so their positions are swapped.
2022-10-21 18:27:06 [sorter.BubbleSorter.swap] FINE: Current array: [179, 246, 345, 638, 463, 559, 16, 578, 794, 788, 303, 475, 60, 148, 876]
2022-10-21 18:27:06 [sorter.BubbleSorter.swap] FINE: 179 <= 246 ,so their positions are unchanged.
2022-10-21 18:27:06 [sorter.BubbleSorter.swap] FINE: 246 <= 345 ,so their positions are unchanged.
2022-10-21 18:27:06 [sorter.BubbleSorter.swap] FINE: 345 <= 638 ,so their positions are unchanged.
2022-10-21 18:27:06 [sorter.BubbleSorter.swap] FINE: 638 > 463 ,so their positions are swapped.
2022-10-21 18:27:06 [sorter.BubbleSorter.swap] FINE: Current array: [179, 246, 345, 463, 638, 559, 16, 578, 794, 788, 303, 475, 60, 148, 876]
2022-10-21 18:27:06 [sorter.BubbleSorter.swap] FINE: 463 <= 638 ,so their positions are unchanged.
2022-10-21 18:27:06 [sorter.BubbleSorter.swap] FINE: 638 > 559 ,so their positions are swapped.
2022-10-21 18:27:06 [sorter.BubbleSorter.swap] FINE: Current array: [179, 246, 345, 463, 559, 638, 16, 578, 794, 788, 303, 475, 60, 148, 876]
2022-10-21 18:27:06 [sorter.BubbleSorter.swap] FINE: 559 <= 638 ,so their positions are unchanged.
2022-10-21 18:27:06 [sorter.BubbleSorter.swap] FINE: 638 > 16 ,so their positions are swapped.
2022-10-21 18:27:06 [sorter.BubbleSorter.swap] FINE: Current array: [179, 246, 345, 463, 559, 16, 638, 578, 794, 788, 303, 475, 60, 148, 876]
2022-10-21 18:27:06 [sorter.BubbleSorter.swap] FINE: 16 <= 638 ,so their positions are unchanged.
2022-10-21 18:27:06 [sorter.BubbleSorter.swap] FINE: 638 > 578 ,so their positions are swapped.
2022-10-21 18:27:06 [sorter.BubbleSorter.swap] FINE: Current array: [179, 246, 345, 463, 559, 16, 578, 638, 794, 788, 303, 475, 60, 148, 876]
2022-10-21 18:27:06 [sorter.BubbleSorter.swap] FINE: 578 <= 638 ,so their positions are unchanged.
2022-10-21 18:27:06 [sorter.BubbleSorter.swap] FINE: 638 <= 794 ,so their positions are unchanged.
2022-10-21 18:27:06 [sorter.BubbleSorter.swap] FINE: 794 > 788 ,so their positions are swapped.
2022-10-21 18:27:06 [sorter.BubbleSorter.swap] FINE: Current array: [179, 246, 345, 463, 559, 16, 578, 638, 788, 794, 303, 475, 60, 148, 876]
2022-10-21 18:27:06 [sorter.BubbleSorter.swap] FINE: 788 <= 794 ,so their positions are unchanged.
2022-10-21 18:27:06 [sorter.BubbleSorter.swap] FINE: 794 > 303 ,so their positions are swapped.
2022-10-21 18:27:06 [sorter.BubbleSorter.swap] FINE: Current array: [179, 246, 345, 463, 559, 16, 578, 638, 788, 303, 794, 475, 60, 148, 876]
2022-10-21 18:27:06 [sorter.BubbleSorter.swap] FINE: 303 <= 794 ,so their positions are unchanged.
2022-10-21 18:27:06 [sorter.BubbleSorter.swap] FINE: 794 > 475 ,so their positions are swapped.
2022-10-21 18:27:06 [sorter.BubbleSorter.swap] FINE: Current array: [179, 246, 345, 463, 559, 16, 578, 638, 788, 303, 475, 794, 60, 148, 876]
2022-10-21 18:27:06 [sorter.BubbleSorter.swap] FINE: 475 <= 794 ,so their positions are unchanged.
2022-10-21 18:27:06 [sorter.BubbleSorter.swap] FINE: 794 > 60 ,so their positions are swapped.
2022-10-21 18:27:06 [sorter.BubbleSorter.swap] FINE: Current array: [179, 246, 345, 463, 559, 16, 578, 638, 788, 303, 475, 60, 794, 148, 876]
2022-10-21 18:27:06 [sorter.BubbleSorter.swap] FINE: 60 <= 794 ,so their positions are unchanged.
2022-10-21 18:27:06 [sorter.BubbleSorter.swap] FINE: 794 > 148 ,so their positions are swapped.
2022-10-21 18:27:06 [sorter.BubbleSorter.swap] FINE: Current array: [179, 246, 345, 463, 559, 16, 578, 638, 788, 303, 475, 60, 148, 794, 876]
2022-10-21 18:27:06 [sorter.BubbleSorter.swap] FINE: 148 <= 794 ,so their positions are unchanged.
2022-10-21 18:27:06 [sorter.BubbleSorter.sort] FINE: Is array sorted? false
2022-10-21 18:27:06 [sorter.BubbleSorter.swap] FINE: 179 <= 246 ,so their positions are unchanged.
2022-10-21 18:27:06 [sorter.BubbleSorter.swap] FINE: 246 <= 345 ,so their positions are unchanged.
2022-10-21 18:27:06 [sorter.BubbleSorter.swap] FINE: 345 <= 463 ,so their positions are unchanged.
2022-10-21 18:27:06 [sorter.BubbleSorter.swap] FINE: 463 <= 559 ,so their positions are unchanged.
2022-10-21 18:27:06 [sorter.BubbleSorter.swap] FINE: 559 > 16 ,so their positions are swapped.
2022-10-21 18:27:06 [sorter.BubbleSorter.swap] FINE: Current array: [179, 246, 345, 463, 16, 559, 578, 638, 788, 303, 475, 60, 148, 794, 876]
2022-10-21 18:27:06 [sorter.BubbleSorter.swap] FINE: 16 <= 559 ,so their positions are unchanged.
2022-10-21 18:27:06 [sorter.BubbleSorter.swap] FINE: 559 <= 578 ,so their positions are unchanged.
2022-10-21 18:27:06 [sorter.BubbleSorter.swap] FINE: 578 <= 638 ,so their positions are unchanged.
2022-10-21 18:27:06 [sorter.BubbleSorter.swap] FINE: 638 <= 788 ,so their positions are unchanged.
2022-10-21 18:27:06 [sorter.BubbleSorter.swap] FINE: 788 > 303 ,so their positions are swapped.
2022-10-21 18:27:06 [sorter.BubbleSorter.swap] FINE: Current array: [179, 246, 345, 463, 16, 559, 578, 638, 303, 788, 475, 60, 148, 794, 876]
2022-10-21 18:27:06 [sorter.BubbleSorter.swap] FINE: 303 <= 788 ,so their positions are unchanged.
2022-10-21 18:27:06 [sorter.BubbleSorter.swap] FINE: 788 > 475 ,so their positions are swapped.
2022-10-21 18:27:06 [sorter.BubbleSorter.swap] FINE: Current array: [179, 246, 345, 463, 16, 559, 578, 638, 303, 475, 788, 60, 148, 794, 876]
2022-10-21 18:27:06 [sorter.BubbleSorter.swap] FINE: 475 <= 788 ,so their positions are unchanged.
2022-10-21 18:27:06 [sorter.BubbleSorter.swap] FINE: 788 > 60 ,so their positions are swapped.
2022-10-21 18:27:06 [sorter.BubbleSorter.swap] FINE: Current array: [179, 246, 345, 463, 16, 559, 578, 638, 303, 475, 60, 788, 148, 794, 876]
2022-10-21 18:27:06 [sorter.BubbleSorter.swap] FINE: 60 <= 788 ,so their positions are unchanged.
2022-10-21 18:27:06 [sorter.BubbleSorter.swap] FINE: 788 > 148 ,so their positions are swapped.
2022-10-21 18:27:06 [sorter.BubbleSorter.swap] FINE: Current array: [179, 246, 345, 463, 16, 559, 578, 638, 303, 475, 60, 148, 788, 794, 876]
2022-10-21 18:27:06 [sorter.BubbleSorter.swap] FINE: 148 <= 788 ,so their positions are unchanged.
2022-10-21 18:27:06 [sorter.BubbleSorter.sort] FINE: Is array sorted? false
2022-10-21 18:27:06 [sorter.BubbleSorter.swap] FINE: 179 <= 246 ,so their positions are unchanged.
2022-10-21 18:27:06 [sorter.BubbleSorter.swap] FINE: 246 <= 345 ,so their positions are unchanged.
2022-10-21 18:27:06 [sorter.BubbleSorter.swap] FINE: 345 <= 463 ,so their positions are unchanged.
2022-10-21 18:27:06 [sorter.BubbleSorter.swap] FINE: 463 > 16 ,so their positions are swapped.
2022-10-21 18:27:06 [sorter.BubbleSorter.swap] FINE: Current array: [179, 246, 345, 16, 463, 559, 578, 638, 303, 475, 60, 148, 788, 794, 876]
2022-10-21 18:27:06 [sorter.BubbleSorter.swap] FINE: 16 <= 463 ,so their positions are unchanged.
2022-10-21 18:27:06 [sorter.BubbleSorter.swap] FINE: 463 <= 559 ,so their positions are unchanged.
2022-10-21 18:27:06 [sorter.BubbleSorter.swap] FINE: 559 <= 578 ,so their positions are unchanged.
2022-10-21 18:27:06 [sorter.BubbleSorter.swap] FINE: 578 <= 638 ,so their positions are unchanged.
2022-10-21 18:27:06 [sorter.BubbleSorter.swap] FINE: 638 > 303 ,so their positions are swapped.
2022-10-21 18:27:06 [sorter.BubbleSorter.swap] FINE: Current array: [179, 246, 345, 16, 463, 559, 578, 303, 638, 475, 60, 148, 788, 794, 876]
2022-10-21 18:27:06 [sorter.BubbleSorter.swap] FINE: 303 <= 638 ,so their positions are unchanged.
2022-10-21 18:27:06 [sorter.BubbleSorter.swap] FINE: 638 > 475 ,so their positions are swapped.
2022-10-21 18:27:06 [sorter.BubbleSorter.swap] FINE: Current array: [179, 246, 345, 16, 463, 559, 578, 303, 475, 638, 60, 148, 788, 794, 876]
2022-10-21 18:27:06 [sorter.BubbleSorter.swap] FINE: 475 <= 638 ,so their positions are unchanged.
2022-10-21 18:27:06 [sorter.BubbleSorter.swap] FINE: 638 > 60 ,so their positions are swapped.
2022-10-21 18:27:06 [sorter.BubbleSorter.swap] FINE: Current array: [179, 246, 345, 16, 463, 559, 578, 303, 475, 60, 638, 148, 788, 794, 876]
2022-10-21 18:27:06 [sorter.BubbleSorter.swap] FINE: 60 <= 638 ,so their positions are unchanged.
2022-10-21 18:27:06 [sorter.BubbleSorter.swap] FINE: 638 > 148 ,so their positions are swapped.
2022-10-21 18:27:06 [sorter.BubbleSorter.swap] FINE: Current array: [179, 246, 345, 16, 463, 559, 578, 303, 475, 60, 148, 638, 788, 794, 876]
2022-10-21 18:27:06 [sorter.BubbleSorter.swap] FINE: 148 <= 638 ,so their positions are unchanged.
2022-10-21 18:27:06 [sorter.BubbleSorter.sort] FINE: Is array sorted? false
2022-10-21 18:27:06 [sorter.BubbleSorter.swap] FINE: 179 <= 246 ,so their positions are unchanged.
2022-10-21 18:27:06 [sorter.BubbleSorter.swap] FINE: 246 <= 345 ,so their positions are unchanged.
2022-10-21 18:27:06 [sorter.BubbleSorter.swap] FINE: 345 > 16 ,so their positions are swapped.
2022-10-21 18:27:06 [sorter.BubbleSorter.swap] FINE: Current array: [179, 246, 16, 345, 463, 559, 578, 303, 475, 60, 148, 638, 788, 794, 876]
2022-10-21 18:27:06 [sorter.BubbleSorter.swap] FINE: 16 <= 345 ,so their positions are unchanged.
2022-10-21 18:27:06 [sorter.BubbleSorter.swap] FINE: 345 <= 463 ,so their positions are unchanged.
2022-10-21 18:27:06 [sorter.BubbleSorter.swap] FINE: 463 <= 559 ,so their positions are unchanged.
2022-10-21 18:27:06 [sorter.BubbleSorter.swap] FINE: 559 <= 578 ,so their positions are unchanged.
2022-10-21 18:27:06 [sorter.BubbleSorter.swap] FINE: 578 > 303 ,so their positions are swapped.
2022-10-21 18:27:06 [sorter.BubbleSorter.swap] FINE: Current array: [179, 246, 16, 345, 463, 559, 303, 578, 475, 60, 148, 638, 788, 794, 876]
2022-10-21 18:27:06 [sorter.BubbleSorter.swap] FINE: 303 <= 578 ,so their positions are unchanged.
2022-10-21 18:27:06 [sorter.BubbleSorter.swap] FINE: 578 > 475 ,so their positions are swapped.
2022-10-21 18:27:06 [sorter.BubbleSorter.swap] FINE: Current array: [179, 246, 16, 345, 463, 559, 303, 475, 578, 60, 148, 638, 788, 794, 876]
2022-10-21 18:27:06 [sorter.BubbleSorter.swap] FINE: 475 <= 578 ,so their positions are unchanged.
2022-10-21 18:27:06 [sorter.BubbleSorter.swap] FINE: 578 > 60 ,so their positions are swapped.
2022-10-21 18:27:06 [sorter.BubbleSorter.swap] FINE: Current array: [179, 246, 16, 345, 463, 559, 303, 475, 60, 578, 148, 638, 788, 794, 876]
2022-10-21 18:27:06 [sorter.BubbleSorter.swap] FINE: 60 <= 578 ,so their positions are unchanged.
2022-10-21 18:27:06 [sorter.BubbleSorter.swap] FINE: 578 > 148 ,so their positions are swapped.
2022-10-21 18:27:06 [sorter.BubbleSorter.swap] FINE: Current array: [179, 246, 16, 345, 463, 559, 303, 475, 60, 148, 578, 638, 788, 794, 876]
2022-10-21 18:27:06 [sorter.BubbleSorter.swap] FINE: 148 <= 578 ,so their positions are unchanged.
2022-10-21 18:27:06 [sorter.BubbleSorter.sort] FINE: Is array sorted? false
2022-10-21 18:27:06 [sorter.BubbleSorter.swap] FINE: 179 <= 246 ,so their positions are unchanged.
2022-10-21 18:27:06 [sorter.BubbleSorter.swap] FINE: 246 > 16 ,so their positions are swapped.
2022-10-21 18:27:06 [sorter.BubbleSorter.swap] FINE: Current array: [179, 16, 246, 345, 463, 559, 303, 475, 60, 148, 578, 638, 788, 794, 876]
2022-10-21 18:27:06 [sorter.BubbleSorter.swap] FINE: 16 <= 246 ,so their positions are unchanged.
2022-10-21 18:27:06 [sorter.BubbleSorter.swap] FINE: 246 <= 345 ,so their positions are unchanged.
2022-10-21 18:27:06 [sorter.BubbleSorter.swap] FINE: 345 <= 463 ,so their positions are unchanged.
2022-10-21 18:27:06 [sorter.BubbleSorter.swap] FINE: 463 <= 559 ,so their positions are unchanged.
2022-10-21 18:27:06 [sorter.BubbleSorter.swap] FINE: 559 > 303 ,so their positions are swapped.
2022-10-21 18:27:06 [sorter.BubbleSorter.swap] FINE: Current array: [179, 16, 246, 345, 463, 303, 559, 475, 60, 148, 578, 638, 788, 794, 876]
2022-10-21 18:27:06 [sorter.BubbleSorter.swap] FINE: 303 <= 559 ,so their positions are unchanged.
2022-10-21 18:27:06 [sorter.BubbleSorter.swap] FINE: 559 > 475 ,so their positions are swapped.
2022-10-21 18:27:06 [sorter.BubbleSorter.swap] FINE: Current array: [179, 16, 246, 345, 463, 303, 475, 559, 60, 148, 578, 638, 788, 794, 876]
2022-10-21 18:27:06 [sorter.BubbleSorter.swap] FINE: 475 <= 559 ,so their positions are unchanged.
2022-10-21 18:27:06 [sorter.BubbleSorter.swap] FINE: 559 > 60 ,so their positions are swapped.
2022-10-21 18:27:06 [sorter.BubbleSorter.swap] FINE: Current array: [179, 16, 246, 345, 463, 303, 475, 60, 559, 148, 578, 638, 788, 794, 876]
2022-10-21 18:27:06 [sorter.BubbleSorter.swap] FINE: 60 <= 559 ,so their positions are unchanged.
2022-10-21 18:27:06 [sorter.BubbleSorter.swap] FINE: 559 > 148 ,so their positions are swapped.
2022-10-21 18:27:06 [sorter.BubbleSorter.swap] FINE: Current array: [179, 16, 246, 345, 463, 303, 475, 60, 148, 559, 578, 638, 788, 794, 876]
2022-10-21 18:27:06 [sorter.BubbleSorter.swap] FINE: 148 <= 559 ,so their positions are unchanged.
2022-10-21 18:27:06 [sorter.BubbleSorter.sort] FINE: Is array sorted? false
2022-10-21 18:27:06 [sorter.BubbleSorter.swap] FINE: 179 > 16 ,so their positions are swapped.
2022-10-21 18:27:06 [sorter.BubbleSorter.swap] FINE: Current array: [16, 179, 246, 345, 463, 303, 475, 60, 148, 559, 578, 638, 788, 794, 876]
2022-10-21 18:27:06 [sorter.BubbleSorter.swap] FINE: 16 <= 179 ,so their positions are unchanged.
2022-10-21 18:27:06 [sorter.BubbleSorter.swap] FINE: 179 <= 246 ,so their positions are unchanged.
2022-10-21 18:27:06 [sorter.BubbleSorter.swap] FINE: 246 <= 345 ,so their positions are unchanged.
2022-10-21 18:27:06 [sorter.BubbleSorter.swap] FINE: 345 <= 463 ,so their positions are unchanged.
2022-10-21 18:27:06 [sorter.BubbleSorter.swap] FINE: 463 > 303 ,so their positions are swapped.
2022-10-21 18:27:06 [sorter.BubbleSorter.swap] FINE: Current array: [16, 179, 246, 345, 303, 463, 475, 60, 148, 559, 578, 638, 788, 794, 876]
2022-10-21 18:27:06 [sorter.BubbleSorter.swap] FINE: 303 <= 463 ,so their positions are unchanged.
2022-10-21 18:27:06 [sorter.BubbleSorter.swap] FINE: 463 <= 475 ,so their positions are unchanged.
2022-10-21 18:27:06 [sorter.BubbleSorter.swap] FINE: 475 > 60 ,so their positions are swapped.
2022-10-21 18:27:06 [sorter.BubbleSorter.swap] FINE: Current array: [16, 179, 246, 345, 303, 463, 60, 475, 148, 559, 578, 638, 788, 794, 876]
2022-10-21 18:27:06 [sorter.BubbleSorter.swap] FINE: 60 <= 475 ,so their positions are unchanged.
2022-10-21 18:27:06 [sorter.BubbleSorter.swap] FINE: 475 > 148 ,so their positions are swapped.
2022-10-21 18:27:06 [sorter.BubbleSorter.swap] FINE: Current array: [16, 179, 246, 345, 303, 463, 60, 148, 475, 559, 578, 638, 788, 794, 876]
2022-10-21 18:27:06 [sorter.BubbleSorter.swap] FINE: 148 <= 475 ,so their positions are unchanged.
2022-10-21 18:27:06 [sorter.BubbleSorter.sort] FINE: Is array sorted? false
2022-10-21 18:27:06 [sorter.BubbleSorter.swap] FINE: 16 <= 179 ,so their positions are unchanged.
2022-10-21 18:27:06 [sorter.BubbleSorter.swap] FINE: 179 <= 246 ,so their positions are unchanged.
2022-10-21 18:27:06 [sorter.BubbleSorter.swap] FINE: 246 <= 345 ,so their positions are unchanged.
2022-10-21 18:27:06 [sorter.BubbleSorter.swap] FINE: 345 > 303 ,so their positions are swapped.
2022-10-21 18:27:06 [sorter.BubbleSorter.swap] FINE: Current array: [16, 179, 246, 303, 345, 463, 60, 148, 475, 559, 578, 638, 788, 794, 876]
2022-10-21 18:27:06 [sorter.BubbleSorter.swap] FINE: 303 <= 345 ,so their positions are unchanged.
2022-10-21 18:27:06 [sorter.BubbleSorter.swap] FINE: 345 <= 463 ,so their positions are unchanged.
2022-10-21 18:27:06 [sorter.BubbleSorter.swap] FINE: 463 > 60 ,so their positions are swapped.
2022-10-21 18:27:06 [sorter.BubbleSorter.swap] FINE: Current array: [16, 179, 246, 303, 345, 60, 463, 148, 475, 559, 578, 638, 788, 794, 876]
2022-10-21 18:27:06 [sorter.BubbleSorter.swap] FINE: 60 <= 463 ,so their positions are unchanged.
2022-10-21 18:27:06 [sorter.BubbleSorter.swap] FINE: 463 > 148 ,so their positions are swapped.
2022-10-21 18:27:06 [sorter.BubbleSorter.swap] FINE: Current array: [16, 179, 246, 303, 345, 60, 148, 463, 475, 559, 578, 638, 788, 794, 876]
2022-10-21 18:27:06 [sorter.BubbleSorter.swap] FINE: 148 <= 463 ,so their positions are unchanged.
2022-10-21 18:27:06 [sorter.BubbleSorter.sort] FINE: Is array sorted? false
2022-10-21 18:27:06 [sorter.BubbleSorter.swap] FINE: 16 <= 179 ,so their positions are unchanged.
2022-10-21 18:27:06 [sorter.BubbleSorter.swap] FINE: 179 <= 246 ,so their positions are unchanged.
2022-10-21 18:27:06 [sorter.BubbleSorter.swap] FINE: 246 <= 303 ,so their positions are unchanged.
2022-10-21 18:27:06 [sorter.BubbleSorter.swap] FINE: 303 <= 345 ,so their positions are unchanged.
2022-10-21 18:27:06 [sorter.BubbleSorter.swap] FINE: 345 > 60 ,so their positions are swapped.
2022-10-21 18:27:06 [sorter.BubbleSorter.swap] FINE: Current array: [16, 179, 246, 303, 60, 345, 148, 463, 475, 559, 578, 638, 788, 794, 876]
2022-10-21 18:27:06 [sorter.BubbleSorter.swap] FINE: 60 <= 345 ,so their positions are unchanged.
2022-10-21 18:27:06 [sorter.BubbleSorter.swap] FINE: 345 > 148 ,so their positions are swapped.
2022-10-21 18:27:06 [sorter.BubbleSorter.swap] FINE: Current array: [16, 179, 246, 303, 60, 148, 345, 463, 475, 559, 578, 638, 788, 794, 876]
2022-10-21 18:27:06 [sorter.BubbleSorter.swap] FINE: 148 <= 345 ,so their positions are unchanged.
2022-10-21 18:27:06 [sorter.BubbleSorter.sort] FINE: Is array sorted? false
2022-10-21 18:27:06 [sorter.BubbleSorter.swap] FINE: 16 <= 179 ,so their positions are unchanged.
2022-10-21 18:27:06 [sorter.BubbleSorter.swap] FINE: 179 <= 246 ,so their positions are unchanged.
2022-10-21 18:27:06 [sorter.BubbleSorter.swap] FINE: 246 <= 303 ,so their positions are unchanged.
2022-10-21 18:27:06 [sorter.BubbleSorter.swap] FINE: 303 > 60 ,so their positions are swapped.
2022-10-21 18:27:06 [sorter.BubbleSorter.swap] FINE: Current array: [16, 179, 246, 60, 303, 148, 345, 463, 475, 559, 578, 638, 788, 794, 876]
2022-10-21 18:27:06 [sorter.BubbleSorter.swap] FINE: 60 <= 303 ,so their positions are unchanged.
2022-10-21 18:27:06 [sorter.BubbleSorter.swap] FINE: 303 > 148 ,so their positions are swapped.
2022-10-21 18:27:06 [sorter.BubbleSorter.swap] FINE: Current array: [16, 179, 246, 60, 148, 303, 345, 463, 475, 559, 578, 638, 788, 794, 876]
2022-10-21 18:27:06 [sorter.BubbleSorter.swap] FINE: 148 <= 303 ,so their positions are unchanged.
2022-10-21 18:27:06 [sorter.BubbleSorter.sort] FINE: Is array sorted? false
2022-10-21 18:27:06 [sorter.BubbleSorter.swap] FINE: 16 <= 179 ,so their positions are unchanged.
2022-10-21 18:27:06 [sorter.BubbleSorter.swap] FINE: 179 <= 246 ,so their positions are unchanged.
2022-10-21 18:27:06 [sorter.BubbleSorter.swap] FINE: 246 > 60 ,so their positions are swapped.
2022-10-21 18:27:06 [sorter.BubbleSorter.swap] FINE: Current array: [16, 179, 60, 246, 148, 303, 345, 463, 475, 559, 578, 638, 788, 794, 876]
2022-10-21 18:27:06 [sorter.BubbleSorter.swap] FINE: 60 <= 246 ,so their positions are unchanged.
2022-10-21 18:27:06 [sorter.BubbleSorter.swap] FINE: 246 > 148 ,so their positions are swapped.
2022-10-21 18:27:06 [sorter.BubbleSorter.swap] FINE: Current array: [16, 179, 60, 148, 246, 303, 345, 463, 475, 559, 578, 638, 788, 794, 876]
2022-10-21 18:27:06 [sorter.BubbleSorter.swap] FINE: 148 <= 246 ,so their positions are unchanged.
2022-10-21 18:27:06 [sorter.BubbleSorter.sort] FINE: Is array sorted? false
2022-10-21 18:27:06 [sorter.BubbleSorter.swap] FINE: 16 <= 179 ,so their positions are unchanged.
2022-10-21 18:27:06 [sorter.BubbleSorter.swap] FINE: 179 > 60 ,so their positions are swapped.
2022-10-21 18:27:06 [sorter.BubbleSorter.swap] FINE: Current array: [16, 60, 179, 148, 246, 303, 345, 463, 475, 559, 578, 638, 788, 794, 876]
2022-10-21 18:27:06 [sorter.BubbleSorter.swap] FINE: 60 <= 179 ,so their positions are unchanged.
2022-10-21 18:27:06 [sorter.BubbleSorter.swap] FINE: 179 > 148 ,so their positions are swapped.
2022-10-21 18:27:06 [sorter.BubbleSorter.swap] FINE: Current array: [16, 60, 148, 179, 246, 303, 345, 463, 475, 559, 578, 638, 788, 794, 876]
2022-10-21 18:27:06 [sorter.BubbleSorter.swap] FINE: 148 <= 179 ,so their positions are unchanged.
2022-10-21 18:27:06 [sorter.BubbleSorter.sort] FINE: Is array sorted? false
2022-10-21 18:27:06 [sorter.BubbleSorter.swap] FINE: 16 <= 60 ,so their positions are unchanged.
2022-10-21 18:27:06 [sorter.BubbleSorter.swap] FINE: 60 <= 148 ,so their positions are unchanged.
2022-10-21 18:27:06 [sorter.BubbleSorter.sort] FINE: Is array sorted? false
2022-10-21 18:27:06 [sorter.BubbleSorter.swap] FINE: 16 <= 60 ,so their positions are unchanged.
2022-10-21 18:27:06 [sorter.BubbleSorter.sort] FINE: Is array sorted? false
2022-10-21 18:27:06 [sorter.BubbleSorter.sort] FINE: Is array sorted? true
2022-10-21 18:27:06 [start.SortLoader.start] INFO: Sorted array: [16, 60, 148, 179, 246, 303, 345, 463, 475, 559, 578, 638, 788, 794, 876]
2022-10-21 18:27:20 [sorter.MergeSorter.<init>] INFO: --------------------Run Merge Sort--------------------
2022-10-21 18:27:23 [start.SortLoader.generateArray] INFO: Random array to be sorted: [559, 24, 445, 310, 565, 352, 431, 351, 176, 153, 667, 689, 130, 978]
2022-10-21 18:27:23 [sorter.MergeSorter.sort] INFO: Split Right Array [351, 176, 153, 667, 689, 130, 978]; Split Left Array [559, 24, 445, 310, 565, 352, 431]
2022-10-21 18:27:23 [sorter.MergeSorter.sort] INFO: Split Right Array [310, 565, 352, 431]; Split Left Array [559, 24, 445]
2022-10-21 18:27:23 [sorter.MergeSorter.sort] INFO: Split Right Array [24, 445]; Split Left Array [559]
2022-10-21 18:27:23 [sorter.MergeSorter.sort] INFO: Split Right Array [445]; Split Left Array [24]
2022-10-21 18:27:23 [sorter.MergeSorter.merge] INFO: Merged array [24, 445]
2022-10-21 18:27:23 [sorter.MergeSorter.merge] INFO: Merged array [24, 445, 559]
2022-10-21 18:27:23 [sorter.MergeSorter.sort] INFO: Split Right Array [352, 431]; Split Left Array [310, 565]
2022-10-21 18:27:23 [sorter.MergeSorter.sort] INFO: Split Right Array [565]; Split Left Array [310]
2022-10-21 18:27:23 [sorter.MergeSorter.merge] INFO: Merged array [310, 565]
2022-10-21 18:27:23 [sorter.MergeSorter.sort] INFO: Split Right Array [431]; Split Left Array [352]
2022-10-21 18:27:23 [sorter.MergeSorter.merge] INFO: Merged array [352, 431]
2022-10-21 18:27:23 [sorter.MergeSorter.merge] INFO: Merged array [310, 352, 431, 565]
2022-10-21 18:27:23 [sorter.MergeSorter.merge] INFO: Merged array [24, 310, 352, 431, 445, 559, 565]
2022-10-21 18:27:23 [sorter.MergeSorter.sort] INFO: Split Right Array [667, 689, 130, 978]; Split Left Array [351, 176, 153]
2022-10-21 18:27:23 [sorter.MergeSorter.sort] INFO: Split Right Array [176, 153]; Split Left Array [351]
2022-10-21 18:27:23 [sorter.MergeSorter.sort] INFO: Split Right Array [153]; Split Left Array [176]
2022-10-21 18:27:23 [sorter.MergeSorter.merge] INFO: Merged array [153, 176]
2022-10-21 18:27:23 [sorter.MergeSorter.merge] INFO: Merged array [153, 176, 351]
2022-10-21 18:27:23 [sorter.MergeSorter.sort] INFO: Split Right Array [130, 978]; Split Left Array [667, 689]
2022-10-21 18:27:23 [sorter.MergeSorter.sort] INFO: Split Right Array [689]; Split Left Array [667]
2022-10-21 18:27:23 [sorter.MergeSorter.merge] INFO: Merged array [667, 689]
2022-10-21 18:27:23 [sorter.MergeSorter.sort] INFO: Split Right Array [978]; Split Left Array [130]
2022-10-21 18:27:23 [sorter.MergeSorter.merge] INFO: Merged array [130, 978]
2022-10-21 18:27:23 [sorter.MergeSorter.merge] INFO: Merged array [130, 667, 689, 978]
2022-10-21 18:27:23 [sorter.MergeSorter.merge] INFO: Merged array [130, 153, 176, 351, 667, 689, 978]
2022-10-21 18:27:23 [sorter.MergeSorter.merge] INFO: Merged array [24, 130, 153, 176, 310, 351, 352, 431, 445, 559, 565, 667, 689, 978]
2022-10-21 18:27:23 [start.SortLoader.start] INFO: Sorted array: [24, 130, 153, 176, 310, 351, 352, 431, 445, 559, 565, 667, 689, 978]
2022-10-21 18:27:42 [sorter.TreeSorter.<init>] INFO: --------------------Run Tree Sort--------------------
2022-10-21 18:27:47 [start.SortLoader.generateArray] INFO: Random array to be sorted: [436, 955, 210, 881, 666, 580, 245, 736, 916, 646, 167, 372]
2022-10-21 18:27:47 [sorter.TreeSorter.addNodeToTree] INFO: element 955 is put the right of Node 436
2022-10-21 18:27:47 [sorter.TreeSorter.addNodeToTree] INFO: element 210 is put the left of Node 436
2022-10-21 18:27:47 [sorter.TreeSorter.addNodeToTree] INFO: element 881 is put the left of Node 955
2022-10-21 18:27:47 [sorter.TreeSorter.addNodeToTree] INFO: element 666 is put the left of Node 881
2022-10-21 18:27:47 [sorter.TreeSorter.addNodeToTree] INFO: element 580 is put the left of Node 666
2022-10-21 18:27:47 [sorter.TreeSorter.addNodeToTree] INFO: element 245 is put the right of Node 210
2022-10-21 18:27:47 [sorter.TreeSorter.addNodeToTree] INFO: element 736 is put the right of Node 666
2022-10-21 18:27:47 [sorter.TreeSorter.addNodeToTree] INFO: element 916 is put the right of Node 881
2022-10-21 18:27:47 [sorter.TreeSorter.addNodeToTree] INFO: element 646 is put the right of Node 580
2022-10-21 18:27:47 [sorter.TreeSorter.addNodeToTree] INFO: element 167 is put the left of Node 210
2022-10-21 18:27:47 [sorter.TreeSorter.addNodeToTree] INFO: element 372 is put the right of Node 245
2022-10-21 18:27:47 [sorter.TreeSorter.treeSort] INFO: 167 is stored in array
2022-10-21 18:27:47 [sorter.TreeSorter.treeSort] INFO: 210 is stored in array
2022-10-21 18:27:47 [sorter.TreeSorter.treeSort] INFO: 245 is stored in array
2022-10-21 18:27:47 [sorter.TreeSorter.treeSort] INFO: 372 is stored in array
2022-10-21 18:27:47 [sorter.TreeSorter.treeSort] INFO: 436 is stored in array
2022-10-21 18:27:47 [sorter.TreeSorter.treeSort] INFO: 580 is stored in array
2022-10-21 18:27:47 [sorter.TreeSorter.treeSort] INFO: 646 is stored in array
2022-10-21 18:27:47 [sorter.TreeSorter.treeSort] INFO: 666 is stored in array
2022-10-21 18:27:47 [sorter.TreeSorter.treeSort] INFO: 736 is stored in array
2022-10-21 18:27:47 [sorter.TreeSorter.treeSort] INFO: 881 is stored in array
2022-10-21 18:27:47 [sorter.TreeSorter.treeSort] INFO: 916 is stored in array
2022-10-21 18:27:47 [sorter.TreeSorter.treeSort] INFO: 955 is stored in array
2022-10-21 18:27:47 [start.SortLoader.start] INFO: Sorted array: [167, 210, 245, 372, 436, 580, 646, 666, 736, 881, 916, 955]
2022-10-21 18:57:44 [sorter.BubbleSorter.<init>] INFO: --------------------Run Bubble Sort--------------------
2022-10-21 19:00:50 [start.SortLoader.generateArray] INFO: Random array to be sorted: [889, 646, 599, 914, 432, 254]
2022-10-21 19:00:50 [sorter.BubbleSorter.swap] FINE: 889 > 646 ,so their positions are swapped.
2022-10-21 19:00:50 [sorter.BubbleSorter.swap] FINE: Current array: [646, 889, 599, 914, 432, 254]
2022-10-21 19:00:50 [sorter.BubbleSorter.swap] FINE: 646 <= 889 ,so their positions are unchanged.
2022-10-21 19:00:50 [sorter.BubbleSorter.swap] FINE: 889 > 599 ,so their positions are swapped.
2022-10-21 19:00:50 [sorter.BubbleSorter.swap] FINE: Current array: [646, 599, 889, 914, 432, 254]
2022-10-21 19:00:50 [sorter.BubbleSorter.swap] FINE: 599 <= 889 ,so their positions are unchanged.
2022-10-21 19:00:50 [sorter.BubbleSorter.swap] FINE: 889 <= 914 ,so their positions are unchanged.
2022-10-21 19:00:50 [sorter.BubbleSorter.swap] FINE: 914 > 432 ,so their positions are swapped.
2022-10-21 19:00:50 [sorter.BubbleSorter.swap] FINE: Current array: [646, 599, 889, 432, 914, 254]
2022-10-21 19:00:50 [sorter.BubbleSorter.swap] FINE: 432 <= 914 ,so their positions are unchanged.
2022-10-21 19:00:50 [sorter.BubbleSorter.swap] FINE: 914 > 254 ,so their positions are swapped.
2022-10-21 19:00:50 [sorter.BubbleSorter.swap] FINE: Current array: [646, 599, 889, 432, 254, 914]
2022-10-21 19:00:50 [sorter.BubbleSorter.swap] FINE: 254 <= 914 ,so their positions are unchanged.
2022-10-21 19:00:50 [sorter.BubbleSorter.sort] FINE: Is array sorted? false
2022-10-21 19:00:50 [sorter.BubbleSorter.swap] FINE: 646 > 599 ,so their positions are swapped.
2022-10-21 19:00:50 [sorter.BubbleSorter.swap] FINE: Current array: [599, 646, 889, 432, 254, 914]
2022-10-21 19:00:50 [sorter.BubbleSorter.swap] FINE: 599 <= 646 ,so their positions are unchanged.
2022-10-21 19:00:50 [sorter.BubbleSorter.swap] FINE: 646 <= 889 ,so their positions are unchanged.
2022-10-21 19:00:50 [sorter.BubbleSorter.swap] FINE: 889 > 432 ,so their positions are swapped.
2022-10-21 19:00:50 [sorter.BubbleSorter.swap] FINE: Current array: [599, 646, 432, 889, 254, 914]
2022-10-21 19:00:50 [sorter.BubbleSorter.swap] FINE: 432 <= 889 ,so their positions are unchanged.
2022-10-21 19:00:50 [sorter.BubbleSorter.swap] FINE: 889 > 254 ,so their positions are swapped.
2022-10-21 19:00:50 [sorter.BubbleSorter.swap] FINE: Current array: [599, 646, 432, 254, 889, 914]
2022-10-21 19:00:50 [sorter.BubbleSorter.swap] FINE: 254 <= 889 ,so their positions are unchanged.
2022-10-21 19:00:50 [sorter.BubbleSorter.sort] FINE: Is array sorted? false
2022-10-21 19:00:50 [sorter.BubbleSorter.swap] FINE: 599 <= 646 ,so their positions are unchanged.
2022-10-21 19:00:50 [sorter.BubbleSorter.swap] FINE: 646 > 432 ,so their positions are swapped.
2022-10-21 19:00:50 [sorter.BubbleSorter.swap] FINE: Current array: [599, 432, 646, 254, 889, 914]
2022-10-21 19:00:50 [sorter.BubbleSorter.swap] FINE: 432 <= 646 ,so their positions are unchanged.
2022-10-21 19:00:50 [sorter.BubbleSorter.swap] FINE: 646 > 254 ,so their positions are swapped.
2022-10-21 19:00:50 [sorter.BubbleSorter.swap] FINE: Current array: [599, 432, 254, 646, 889, 914]
2022-10-21 19:00:50 [sorter.BubbleSorter.swap] FINE: 254 <= 646 ,so their positions are unchanged.
2022-10-21 19:00:50 [sorter.BubbleSorter.sort] FINE: Is array sorted? false
2022-10-21 19:00:50 [sorter.BubbleSorter.swap] FINE: 599 > 432 ,so their positions are swapped.
2022-10-21 19:00:50 [sorter.BubbleSorter.swap] FINE: Current array: [432, 599, 254, 646, 889, 914]
2022-10-21 19:00:50 [sorter.BubbleSorter.swap] FINE: 432 <= 599 ,so their positions are unchanged.
2022-10-21 19:00:50 [sorter.BubbleSorter.swap] FINE: 599 > 254 ,so their positions are swapped.
2022-10-21 19:00:50 [sorter.BubbleSorter.swap] FINE: Current array: [432, 254, 599, 646, 889, 914]
2022-10-21 19:00:50 [sorter.BubbleSorter.swap] FINE: 254 <= 599 ,so their positions are unchanged.
2022-10-21 19:00:50 [sorter.BubbleSorter.sort] FINE: Is array sorted? false
2022-10-21 19:00:50 [sorter.BubbleSorter.swap] FINE: 432 > 254 ,so their positions are swapped.
2022-10-21 19:00:50 [sorter.BubbleSorter.swap] FINE: Current array: [254, 432, 599, 646, 889, 914]
2022-10-21 19:00:50 [sorter.BubbleSorter.swap] FINE: 254 <= 432 ,so their positions are unchanged.
2022-10-21 19:00:50 [sorter.BubbleSorter.sort] FINE: Is array sorted? false
2022-10-21 19:00:50 [sorter.BubbleSorter.sort] FINE: Is array sorted? true
2022-10-21 19:00:50 [start.SortLoader.start] INFO: Sorted array: [254, 432, 599, 646, 889, 914]
