[31m2022-10-19T16:23:46.260573 sort FINE 0otter iteration
[31m2022-10-19T16:23:46.286589 sort FINE 1otter iteration
[31m2022-10-19T16:23:46.287382 sort FINE 2otter iteration
[31m2022-10-19T16:23:46.287993 sort FINE 3otter iteration
2022-10-19T16:26:34.602575 sort FINE Outer iteration fo the 1 time.
2022-10-19T16:26:34.622267 sort FINER Inner iteration fo the 1 time.
2022-10-19T16:26:34.622879 sort FINE Outer iteration fo the 2 time.
2022-10-19T16:28:00.56569 sort FINE Outer iteration fo the 1 time.
2022-10-19T16:28:00.598003 sort FINER Inner iteration fo the 1 time.
2022-10-19T16:28:00.599086 sort FINE Outer iteration fo the 2 time.
2022-10-19 sort FINE Outer iteration fo the 1 time.
2022-10-19 sort FINER Inner iteration fo the 1 time.
2022-10-19 sort FINER Inner iteration fo the 2 time.
2022-10-19 sort FINE Outer iteration fo the 2 time.
2022-10-19 sort FINER Inner iteration fo the 1 time.
2022-10-19 sort FINE Outer iteration fo the 3 time.
2022-10-19 16:36:10.46205com.sparta.cyl.sorter.Bubblesorter.sort FINE Outer iteration fo the 1 time.
2022-10-19 16:36:10.478086com.sparta.cyl.sorter.Bubblesorter.sort FINER Inner iteration fo the 1 time.
2022-10-19 16:36:10.478999com.sparta.cyl.sorter.Bubblesorter.sort FINER Inner iteration fo the 2 time.
2022-10-19 16:36:10.479764com.sparta.cyl.sorter.Bubblesorter.sort FINER Inner iteration fo the 3 time.
2022-10-19 16:36:10.480534com.sparta.cyl.sorter.Bubblesorter.sort FINE Outer iteration fo the 2 time.
2022-10-19 16:36:10.481291com.sparta.cyl.sorter.Bubblesorter.sort FINER Inner iteration fo the 1 time.
2022-10-19 16:36:10.482221com.sparta.cyl.sorter.Bubblesorter.sort FINER Inner iteration fo the 2 time.
2022-10-19 16:36:10.483215com.sparta.cyl.sorter.Bubblesorter.sort FINE Outer iteration fo the 3 time.
2022-10-19 16:36:10.483934com.sparta.cyl.sorter.Bubblesorter.sort FINER Inner iteration fo the 1 time.
2022-10-19 16:36:10.484566com.sparta.cyl.sorter.Bubblesorter.sort FINE Outer iteration fo the 4 time.
2022-10-19 16:40com.sparta.cyl.sorter.Bubblesorter.sort FINE Outer iteration fo the 1 time.
2022-10-19 16:40com.sparta.cyl.sorter.Bubblesorter.sort FINER Inner iteration fo the 1 time.
2022-10-19 16:40com.sparta.cyl.sorter.Bubblesorter.sort FINER Inner iteration fo the 2 time.
2022-10-19 16:40com.sparta.cyl.sorter.Bubblesorter.sort FINE Outer iteration fo the 2 time.
2022-10-19 16:40com.sparta.cyl.sorter.Bubblesorter.sort FINER Inner iteration fo the 1 time.
2022-10-19 16:40com.sparta.cyl.sorter.Bubblesorter.sort FINE Outer iteration fo the 3 time.
2022-10-19 16:41:07com.sparta.cyl.sorter.Bubblesorter.sort FINE Outer iteration fo the 1 time.
2022-10-19 16:41:07com.sparta.cyl.sorter.Bubblesorter.sort FINER Inner iteration fo the 1 time.
2022-10-19 16:41:07com.sparta.cyl.sorter.Bubblesorter.sort FINER Inner iteration fo the 2 time.
2022-10-19 16:41:07com.sparta.cyl.sorter.Bubblesorter.sort FINER Inner iteration fo the 3 time.
2022-10-19 16:41:07com.sparta.cyl.sorter.Bubblesorter.sort FINE Outer iteration fo the 2 time.
2022-10-19 16:41:07com.sparta.cyl.sorter.Bubblesorter.sort FINER Inner iteration fo the 1 time.
2022-10-19 16:41:07com.sparta.cyl.sorter.Bubblesorter.sort FINER Inner iteration fo the 2 time.
2022-10-19 16:41:07com.sparta.cyl.sorter.Bubblesorter.sort FINE Outer iteration fo the 3 time.
2022-10-19 16:41:07com.sparta.cyl.sorter.Bubblesorter.sort FINER Inner iteration fo the 1 time.
2022-10-19 16:41:07com.sparta.cyl.sorter.Bubblesorter.sort FINE Outer iteration fo the 4 time.
2022-10-19 16:42:44 Bubblesorter.sort FINE Outer iteration fo the 1 time.
2022-10-19 16:42:44 Bubblesorter.sort FINER Inner iteration fo the 1 time.
2022-10-19 16:42:44 Bubblesorter.sort FINER Inner iteration fo the 2 time.
2022-10-19 16:42:44 Bubblesorter.sort FINER Inner iteration fo the 3 time.
2022-10-19 16:42:44 Bubblesorter.sort FINE Outer iteration fo the 2 time.
2022-10-19 16:42:44 Bubblesorter.sort FINER Inner iteration fo the 1 time.
2022-10-19 16:42:44 Bubblesorter.sort FINER Inner iteration fo the 2 time.
2022-10-19 16:42:44 Bubblesorter.sort FINE Outer iteration fo the 3 time.
2022-10-19 16:42:44 Bubblesorter.sort FINER Inner iteration fo the 1 time.
2022-10-19 16:42:44 Bubblesorter.sort FINE Outer iteration fo the 4 time.
2022-10-19 16:44:11[Bubblesorter.sort]FINE: Outer iteration fo the 1 time.
2022-10-19 16:44:11[Bubblesorter.sort]FINER: Inner iteration fo the 1 time.
2022-10-19 16:44:11[Bubblesorter.sort]FINER: Inner iteration fo the 2 time.
2022-10-19 16:44:11[Bubblesorter.sort]FINER: Inner iteration fo the 3 time.
2022-10-19 16:44:11[Bubblesorter.sort]FINE: Outer iteration fo the 2 time.
2022-10-19 16:44:11[Bubblesorter.sort]FINER: Inner iteration fo the 1 time.
2022-10-19 16:44:11[Bubblesorter.sort]FINER: Inner iteration fo the 2 time.
2022-10-19 16:44:11[Bubblesorter.sort]FINE: Outer iteration fo the 3 time.
2022-10-19 16:44:11[Bubblesorter.sort]FINER: Inner iteration fo the 1 time.
2022-10-19 16:44:11[Bubblesorter.sort]FINE: Outer iteration fo the 4 time.
2022-10-19 19:15:57 [Bubblesorter.sort] FINE: Outer iteration fo the 1 time.
2022-10-19 19:15:57 [Bubblesorter.sort] FINER: Inner iteration fo the 1 time.
2022-10-19 19:15:57 [Bubblesorter.sort] FINER: Inner iteration fo the 2 time.
2022-10-19 19:15:57 [Bubblesorter.sort] FINER: Inner iteration fo the 3 time.
2022-10-19 19:15:57 [Bubblesorter.sort] FINE: Outer iteration fo the 2 time.
2022-10-19 19:15:57 [Bubblesorter.sort] FINER: Inner iteration fo the 1 time.
2022-10-19 19:15:57 [Bubblesorter.sort] FINER: Inner iteration fo the 2 time.
2022-10-19 19:15:57 [Bubblesorter.sort] FINE: Outer iteration fo the 3 time.
2022-10-19 19:15:57 [Bubblesorter.sort] FINER: Inner iteration fo the 1 time.
2022-10-19 19:15:57 [Bubblesorter.sort] FINE: Outer iteration fo the 4 time.
